SSH_AGENT_PID=1699
GPG_AGENT_INFO=/tmp/keyring-NGfkIB/gpg:0:1
TERM=xterm
SHELL=/bin/bash
XDG_SESSION_COOKIE=d3194bb0b9dac9419f2d00d200000009-1438563597.376141-1541315712
WINDOWID=69206022
OLDPWD=/home/tarena/uc
GNOME_KEYRING_CONTROL=/tmp/keyring-NGfkIB
USER=tarena
LD_LIBRARY_PATH=/home/tarena/workdir/Android2.3/android-source/jdk1.6.0_16/bin:/usr/lib/lightdm/lightdm:/usr/local/sbin:/usr/local/bin:/usr/sbin:/usr/bin:/sbin:/bin:/usr/games:/opt/arm-2009q3/bin:/home/tarena/workdir/linux-x86/sdk/android-sdk_eng.root_linux-x86/tools:.
LS_COLORS=rs=0:di=01;34:ln=01;36:mh=00:pi=40;33:so=01;35:do=01;35:bd=40;33;01:cd=40;33;01:or=40;31;01:su=37;41:sg=30;43:ca=30;41:tw=30;42:ow=34;42:st=37;44:ex=01;32:*.tar=01;31:*.tgz=01;31:*.arj=01;31:*.taz=01;31:*.lzh=01;31:*.lzma=01;31:*.tlz=01;31:*.txz=01;31:*.zip=01;31:*.z=01;31:*.Z=01;31:*.dz=01;31:*.gz=01;31:*.lz=01;31:*.xz=01;31:*.bz2=01;31:*.bz=01;31:*.tbz=01;31:*.tbz2=01;31:*.tz=01;31:*.deb=01;31:*.rpm=01;31:*.jar=01;31:*.war=01;31:*.ear=01;31:*.sar=01;31:*.rar=01;31:*.ace=01;31:*.zoo=01;31:*.cpio=01;31:*.7z=01;31:*.rz=01;31:*.jpg=01;35:*.jpeg=01;35:*.gif=01;35:*.bmp=01;35:*.pbm=01;35:*.pgm=01;35:*.ppm=01;35:*.tga=01;35:*.xbm=01;35:*.xpm=01;35:*.tif=01;35:*.tiff=01;35:*.png=01;35:*.svg=01;35:*.svgz=01;35:*.mng=01;35:*.pcx=01;35:*.mov=01;35:*.mpg=01;35:*.mpeg=01;35:*.m2v=01;35:*.mkv=01;35:*.webm=01;35:*.ogm=01;35:*.mp4=01;35:*.m4v=01;35:*.mp4v=01;35:*.vob=01;35:*.qt=01;35:*.nuv=01;35:*.wmv=01;35:*.asf=01;35:*.rm=01;35:*.rmvb=01;35:*.flc=01;35:*.avi=01;35:*.fli=01;35:*.flv=01;35:*.gl=01;35:*.dl=01;35:*.xcf=01;35:*.xwd=01;35:*.yuv=01;35:*.cgm=01;35:*.emf=01;35:*.axv=01;35:*.anx=01;35:*.ogv=01;35:*.ogx=01;35:*.aac=00;36:*.au=00;36:*.flac=00;36:*.mid=00;36:*.midi=00;36:*.mka=00;36:*.mp3=00;36:*.mpc=00;36:*.ogg=00;36:*.ra=00;36:*.wav=00;36:*.axa=00;36:*.oga=00;36:*.spx=00;36:*.xspf=00;36:
XDG_SESSION_PATH=/org/freedesktop/DisplayManager/Session0
XDG_SEAT_PATH=/org/freedesktop/DisplayManager/Seat0
SSH_AUTH_SOCK=/tmp/keyring-NGfkIB/ssh
SESSION_MANAGER=local/tarena-G41MT-S2PT:@/tmp/.ICE-unix/1651,unix/tarena-G41MT-S2PT:/tmp/.ICE-unix/1651
DEFAULTS_PATH=/usr/share/gconf/ubuntu.default.path
XDG_CONFIG_DIRS=/etc/xdg/xdg-ubuntu:/etc/xdg
PATH=/home/tarena/workdir/Android2.3/android-source/jdk1.6.0_16/bin:/usr/lib/lightdm/lightdm:/usr/local/sbin:/usr/local/bin:/usr/sbin:/usr/bin:/sbin:/bin:/usr/games:/opt/arm-2009q3/bin:/home/tarena/workdir/linux-x86/sdk/android-sdk_eng.root_linux-x86/tools
DESKTOP_SESSION=ubuntu
ANDROID_SDK_HOME=/home/tarena/workdir/linux-x86/sdk/android-sdk_eng.root_linux-x86
QT_IM_MODULE=xim
PWD=/home/tarena/uc/day03
JAVA_HOME=/home/tarena/workdir/Android2.3/android-source/jdk1.6.0_16
XMODIFIERS=@im=ibus
GNOME_KEYRING_PID=1640
LANG=zh_CN.UTF-8
MANDATORY_PATH=/usr/share/gconf/ubuntu.mandatory.path
UBUNTU_MENUPROXY=libappmenu.so
COMPIZ_CONFIG_PROFILE=ubuntu
ANDROID_JAVA_HOME=/home/tarena/workdir/Android2.3/android-source/jdk1.6.0_16
GDMSESSION=ubuntu
SHLVL=1
HOME=/home/tarena
LANGUAGE=zh_CN:zh
GNOME_DESKTOP_SESSION_ID=this-is-deprecated
LOGNAME=tarena
XDG_DATA_DIRS=/usr/share/ubuntu:/usr/share/gnome:/usr/local/share/:/usr/share/
DBUS_SESSION_BUS_ADDRESS=unix:abstract=/tmp/dbus-avMDzhml8B,guid=b662ab20d083d46cb1c8554d0000001a
LESSOPEN=| /usr/bin/lesspipe %s
DISPLAY=:0.0
XDG_CURRENT_DESKTOP=Unity
GTK_IM_MODULE=ibus
LESSCLOSE=/usr/bin/lesspipe %s %s
COLORTERM=gnome-terminal
XAUTHORITY=/home/tarena/.Xauthority
_=./a.out
